Determining if the pthread_create exist failed with the following output:
Change Dir: /home/kiat/Seadrone/catkin_ws/build/CMakeFiles/CMakeTmp

Run Build Command:"/usr/bin/make" "cmTC_131af/fast"
/usr/bin/make -f CMakeFiles/cmTC_131af.dir/build.make CMakeFiles/cmTC_131af.dir/build
make[1]: Entering directory '/home/kiat/Seadrone/catkin_ws/build/CMakeFiles/CMakeTmp'
Building C object CMakeFiles/cmTC_131af.dir/CheckSymbolExists.c.o
/usr/bin/cc    -o CMakeFiles/cmTC_131af.dir/CheckSymbolExists.c.o   -c /home/kiat/Seadrone/catkin_ws/build/CMakeFiles/CMakeTmp/CheckSymbolExists.c
Linking C executable cmTC_131af
/usr/bin/cmake -E cmake_link_script CMakeFiles/cmTC_131af.dir/link.txt --verbose=1
/usr/bin/cc      -rdynamic CMakeFiles/cmTC_131af.dir/CheckSymbolExists.c.o  -o cmTC_131af 
CMakeFiles/cmTC_131af.dir/CheckSymbolExists.c.o: In function `main':
CheckSymbolExists.c:(.text+0x1b): undefined reference to `pthread_create'
collect2: error: ld returned 1 exit status
CMakeFiles/cmTC_131af.dir/build.make:97: recipe for target 'cmTC_131af' failed
make[1]: *** [cmTC_131af] Error 1
make[1]: Leaving directory '/home/kiat/Seadrone/catkin_ws/build/CMakeFiles/CMakeTmp'
Makefile:126: recipe for target 'cmTC_131af/fast' failed
make: *** [cmTC_131af/fast] Error 2

File /home/kiat/Seadrone/catkin_ws/build/CMakeFiles/CMakeTmp/CheckSymbolExists.c:
/* */
#include <pthread.h>

int main(int argc, char** argv)
{
  (void)argv;
#ifndef pthread_create
  return ((int*)(&pthread_create))[argc];
#else
  (void)argc;
  return 0;
#endif
}

Determining if the function pthread_create exists in the pthreads failed with the following output:
Change Dir: /home/kiat/Seadrone/catkin_ws/build/CMakeFiles/CMakeTmp

Run Build Command:"/usr/bin/make" "cmTC_983af/fast"
/usr/bin/make -f CMakeFiles/cmTC_983af.dir/build.make CMakeFiles/cmTC_983af.dir/build
make[1]: Entering directory '/home/kiat/Seadrone/catkin_ws/build/CMakeFiles/CMakeTmp'
Building C object CMakeFiles/cmTC_983af.dir/CheckFunctionExists.c.o
/usr/bin/cc   -DCHECK_FUNCTION_EXISTS=pthread_create   -o CMakeFiles/cmTC_983af.dir/CheckFunctionExists.c.o   -c /usr/share/cmake-3.10/Modules/CheckFunctionExists.c
Linking C executable cmTC_983af
/usr/bin/cmake -E cmake_link_script CMakeFiles/cmTC_983af.dir/link.txt --verbose=1
/usr/bin/cc  -DCHECK_FUNCTION_EXISTS=pthread_create    -rdynamic CMakeFiles/cmTC_983af.dir/CheckFunctionExists.c.o  -o cmTC_983af -lpthreads 
/usr/bin/ld: cannot find -lpthreads
collect2: error: ld returned 1 exit status
CMakeFiles/cmTC_983af.dir/build.make:97: recipe for target 'cmTC_983af' failed
make[1]: *** [cmTC_983af] Error 1
make[1]: Leaving directory '/home/kiat/Seadrone/catkin_ws/build/CMakeFiles/CMakeTmp'
Makefile:126: recipe for target 'cmTC_983af/fast' failed
make: *** [cmTC_983af/fast] Error 2


